# JRE version: Java(TM) SE Runtime Environment (8.0_92-b14) (build 1.8.0_92-b14)
# Java VM: Java HotSpot(TM) 64-Bit Server VM (25.92-b14 mixed mode windows-amd64 compressed oops)
Heap:
 PSYoungGen      total 224768K, used 184012K [0x00000000eab00000, 0x00000000fb400000, 0x0000000100000000)
  eden space 215552K, 81% used [0x00000000eab00000,0x00000000f5600810,0x00000000f7d80000)
  from space 9216K, 96% used [0x00000000fab00000,0x00000000fb3b2920,0x00000000fb400000)
  to   space 24576K, 0% used [0x00000000f8400000,0x00000000f8400000,0x00000000f9c00000)
 ParOldGen       total 86528K, used 53039K [0x00000000c0000000, 0x00000000c5480000, 0x00000000eab00000)
  object space 86528K, 61% used [0x00000000c0000000,0x00000000c33cbc70,0x00000000c5480000)
 Metaspace       used 58615K, capacity 60788K, committed 60928K, reserved 1101824K
  class space    used 7864K, capacity 8424K, committed 8448K, reserved 1048576K
GC Heap History (10 events):
Event: 22.141 GC heap before
{Heap before GC invocations=17 (full 2):
 PSYoungGen      total 205824K, used 44653K [0x00000000eab00000, 0x00000000f8880000, 0x0000000100000000)
  eden space 189952K, 15% used [0x00000000eab00000,0x00000000ec7367f8,0x00000000f6480000)
  from space 15872K, 99% used [0x00000000f7800000,0x00000000f8764cc8,0x00000000f8780000)
  to   space 18432K, 0% used [0x00000000f6480000,0x00000000f6480000,0x00000000f7680000)
 ParOldGen       total 86528K, used 34523K [0x00000000c0000000, 0x00000000c5480000, 0x00000000eab00000)
  object space 86528K, 39% used [0x00000000c0000000,0x00000000c21b6ec0,0x00000000c5480000)
 Metaspace       used 51671K, capacity 53214K, committed 53376K, reserved 1095680K
  class space    used 7050K, capacity 7444K, committed 7552K, reserved 1048576K
Event: 22.161 GC heap after
Heap after GC invocations=17 (full 2):
 PSYoungGen      total 193024K, used 2666K [0x00000000eab00000, 0x00000000f8780000, 0x0000000100000000)
  eden space 189952K, 0% used [0x00000000eab00000,0x00000000eab00000,0x00000000f6480000)
  from space 3072K, 86% used [0x00000000f6480000,0x00000000f671a808,0x00000000f6780000)
  to   space 17920K, 0% used [0x00000000f7600000,0x00000000f7600000,0x00000000f8780000)
 ParOldGen       total 86528K, used 47099K [0x00000000c0000000, 0x00000000c5480000, 0x00000000eab00000)
  object space 86528K, 54% used [0x00000000c0000000,0x00000000c2dfef60,0x00000000c5480000)
 Metaspace       used 51671K, capacity 53214K, committed 53376K, reserved 1095680K
  class space    used 7050K, capacity 7444K, committed 7552K, reserved 1048576K
}
Event: 22.161 GC heap before
{Heap before GC invocations=18 (full 3):
 PSYoungGen      total 193024K, used 2666K [0x00000000eab00000, 0x00000000f8780000, 0x0000000100000000)
  eden space 189952K, 0% used [0x00000000eab00000,0x00000000eab00000,0x00000000f6480000)
  from space 3072K, 86% used [0x00000000f6480000,0x00000000f671a808,0x00000000f6780000)
  to   space 17920K, 0% used [0x00000000f7600000,0x00000000f7600000,0x00000000f8780000)
 ParOldGen       total 86528K, used 47099K [0x00000000c0000000, 0x00000000c5480000, 0x00000000eab00000)
  object space 86528K, 54% used [0x00000000c0000000,0x00000000c2dfef60,0x00000000c5480000)
 Metaspace       used 51671K, capacity 53214K, committed 53376K, reserved 1095680K
  class space    used 7050K, capacity 7444K, committed 7552K, reserved 1048576K
Event: 22.463 GC heap after
Heap after GC invocations=18 (full 3):
 PSYoungGen      total 193024K, used 0K [0x00000000eab00000, 0x00000000f8780000, 0x0000000100000000)
  eden space 189952K, 0% used [0x00000000eab00000,0x00000000eab00000,0x00000000f6480000)
  from space 3072K, 0% used [0x00000000f6480000,0x00000000f6480000,0x00000000f6780000)
  to   space 17920K, 0% used [0x00000000f7600000,0x00000000f7600000,0x00000000f8780000)
 ParOldGen       total 86528K, used 41737K [0x00000000c0000000, 0x00000000c5480000, 0x00000000eab00000)
  object space 86528K, 48% used [0x00000000c0000000,0x00000000c28c2690,0x00000000c5480000)
 Metaspace       used 51671K, capacity 53214K, committed 53376K, reserved 1095680K
  class space    used 7050K, capacity 7444K, committed 7552K, reserved 1048576K
}
Event: 35.616 GC heap before
{Heap before GC invocations=19 (full 3):
 PSYoungGen      total 193024K, used 189952K [0x00000000eab00000, 0x00000000f8780000, 0x0000000100000000)
  eden space 189952K, 100% used [0x00000000eab00000,0x00000000f6480000,0x00000000f6480000)
  from space 3072K, 0% used [0x00000000f6480000,0x00000000f6480000,0x00000000f6780000)
  to   space 17920K, 0% used [0x00000000f7600000,0x00000000f7600000,0x00000000f8780000)
 ParOldGen       total 86528K, used 41737K [0x00000000c0000000, 0x00000000c5480000, 0x00000000eab00000)
  object space 86528K, 48% used [0x00000000c0000000,0x00000000c28c2690,0x00000000c5480000)
 Metaspace       used 55623K, capacity 57432K, committed 57472K, reserved 1099776K
  class space    used 7529K, capacity 8036K, committed 8064K, reserved 1048576K
Event: 35.638 GC heap after
Heap after GC invocations=19 (full 3):
 PSYoungGen      total 206336K, used 14515K [0x00000000eab00000, 0x00000000fbe80000, 0x0000000100000000)
  eden space 188416K, 0% used [0x00000000eab00000,0x00000000eab00000,0x00000000f6300000)
  from space 17920K, 81% used [0x00000000f7600000,0x00000000f842ce28,0x00000000f8780000)
  to   space 19456K, 0% used [0x00000000f6300000,0x00000000f6300000,0x00000000f7600000)
 ParOldGen       total 86528K, used 41745K [0x00000000c0000000, 0x00000000c5480000, 0x00000000eab00000)
  object space 86528K, 48% used [0x00000000c0000000,0x00000000c28c4690,0x00000000c5480000)
 Metaspace       used 55623K, capacity 57432K, committed 57472K, reserved 1099776K
  class space    used 7529K, capacity 8036K, committed 8064K, reserved 1048576K
}
Event: 39.875 GC heap before
{Heap before GC invocations=20 (full 3):
 PSYoungGen      total 206336K, used 202931K [0x00000000eab00000, 0x00000000fbe80000, 0x0000000100000000)
  eden space 188416K, 100% used [0x00000000eab00000,0x00000000f6300000,0x00000000f6300000)
  from space 17920K, 81% used [0x00000000f7600000,0x00000000f842ce28,0x00000000f8780000)
  to   space 19456K, 0% used [0x00000000f6300000,0x00000000f6300000,0x00000000f7600000)
 ParOldGen       total 86528K, used 41745K [0x00000000c0000000, 0x00000000c5480000, 0x00000000eab00000)
  object space 86528K, 48% used [0x00000000c0000000,0x00000000c28c4690,0x00000000c5480000)
 Metaspace       used 57334K, capacity 59160K, committed 59264K, reserved 1099776K
  class space    used 7744K, capacity 8228K, committed 8320K, reserved 1048576K
Event: 39.901 GC heap after
Heap after GC invocations=20 (full 3):
 PSYoungGen      total 207872K, used 19434K [0x00000000eab00000, 0x00000000fc400000, 0x0000000100000000)
  eden space 188416K, 0% used [0x00000000eab00000,0x00000000eab00000,0x00000000f6300000)
  from space 19456K, 99% used [0x00000000f6300000,0x00000000f75fab48,0x00000000f7600000)
  to   space 25600K, 0% used [0x00000000fab00000,0x00000000fab00000,0x00000000fc400000)
 ParOldGen       total 86528K, used 49616K [0x00000000c0000000, 0x00000000c5480000, 0x00000000eab00000)
  object space 86528K, 57% used [0x00000000c0000000,0x00000000c30740c0,0x00000000c5480000)
 Metaspace       used 57334K, capacity 59160K, committed 59264K, reserved 1099776K
  class space    used 7744K, capacity 8228K, committed 8320K, reserved 1048576K
}
Event: 893.958 GC heap before
{Heap before GC invocations=21 (full 3):
 PSYoungGen      total 207872K, used 207850K [0x00000000eab00000, 0x00000000fc400000, 0x0000000100000000)
  eden space 188416K, 100% used [0x00000000eab00000,0x00000000f6300000,0x00000000f6300000)
  from space 19456K, 99% used [0x00000000f6300000,0x00000000f75fab48,0x00000000f7600000)
  to   space 25600K, 0% used [0x00000000fab00000,0x00000000fab00000,0x00000000fc400000)
 ParOldGen       total 86528K, used 49616K [0x00000000c0000000, 0x00000000c5480000, 0x00000000eab00000)
  object space 86528K, 57% used [0x00000000c0000000,0x00000000c30740c0,0x00000000c5480000)
 Metaspace       used 57933K, capacity 59976K, committed 60032K, reserved 1101824K
  class space    used 7795K, capacity 8292K, committed 8320K, reserved 1048576K
Event: 893.979 GC heap after
Heap after GC invocations=21 (full 3):
 PSYoungGen      total 224768K, used 8906K [0x00000000eab00000, 0x00000000fb400000, 0x0000000100000000)
  eden space 215552K, 0% used [0x00000000eab00000,0x00000000eab00000,0x00000000f7d80000)
  from space 9216K, 96% used [0x00000000fab00000,0x00000000fb3b2920,0x00000000fb400000)
  to   space 24576K, 0% used [0x00000000f8400000,0x00000000f8400000,0x00000000f9c00000)
 ParOldGen       total 86528K, used 53039K [0x00000000c0000000, 0x00000000c5480000, 0x00000000eab00000)
  object space 86528K, 61% used [0x00000000c0000000,0x00000000c33cbc70,0x00000000c5480000)
 Metaspace       used 57933K, capacity 59976K, committed 60032K, reserved 1101824K
  class space    used 7795K, capacity 8292K, committed 8320K, reserved 1048576K
}

